[2024-01-21 14:16:24][openpoint.py] {"codeId":"727","codeDescription":"已達每日發送上限5次"}
[2024-01-21 14:19:48][acestudio.py] {"data": null, "code": 200, "error": null, "timestamp": 1705817988721}
[2024-01-21 18:11:26] {"codeId":"727","codeDescription":"已達每日發送上限5次"}
[2024-01-21 23:48:21] ({"status":"0", "msg":"提醒：24小時內僅能取回兩次。"})
[2024-01-22 02:48:20] {"codeId":"200","smsExpiredTime":5,"codeDescription":"成功"}
[2024-01-22 05:48:40] {"codeId":"200","smsExpiredTime":5,"codeDescription":"成功"}
[2024-01-22 10:23:22] {"codeId":"200","smsExpiredTime":5,"codeDescription":"成功"}
[2024-01-22 13:48:29] {"codeId":"200","smsExpiredTime":5,"codeDescription":"成功"}
[2024-01-22 17:48:29] {"codeId":"200","smsExpiredTime":5,"codeDescription":"成功"}
[2024-01-22 21:48:43] ({"status":"1", "msg":"帳號已發送至您的行動電話"})
[2024-01-22 23:48:27] ({"status":"1", "msg":"帳號已發送至您的行動電話"})
[2024-01-23 02:48:36] {"codeId":"200","smsExpiredTime":5,"codeDescription":"成功"}
[2024-01-23 05:48:36] {"codeId":"200","smsExpiredTime":5,"codeDescription":"成功"}
[2024-01-23 10:20:42] {"codeId":"200","smsExpiredTime":5,"codeDescription":"成功"}
[2024-01-23 13:48:31] {"codeId":"200","smsExpiredTime":5,"codeDescription":"成功"}
[2024-01-23 17:48:32] {"codeId":"200","smsExpiredTime":5,"codeDescription":"成功"}
[2024-01-23 21:48:34] ({"status":"1", "msg":"帳號已發送至您的行動電話"})
[2024-01-23 23:48:35] ({"status":"1", "msg":"帳號已發送至您的行動電話"})
[2024-01-24 02:48:16] {"codeId":"200","smsExpiredTime":5,"codeDescription":"成功"}
[2024-01-24 05:48:28] {"codeId":"200","smsExpiredTime":5,"codeDescription":"成功"}
[2024-01-24 10:20:37] {"codeId":"200","smsExpiredTime":5,"codeDescription":"成功"}
